0 info it worked if it ends with ok
1 verbose cli [ 'C:\\Program Files\\nodejs\\node.exe',
1 verbose cli   'C:\\Program Files\\nodejs\\node_modules\\npm\\bin\\npm-cli.js',
1 verbose cli   'i',
1 verbose cli   '-g',
1 verbose cli   'vercel@latest' ]
2 info using npm@2.14.20
3 info using node@v4.4.0
4 verbose install initial load of C:\Program Files\nodejs\package.json
5 verbose readDependencies loading dependencies from C:\Program Files\nodejs\package.json
6 silly cache add args [ 'vercel@latest', null ]
7 verbose cache add spec vercel@latest
8 silly cache add parsed spec Result {
8 silly cache add   raw: 'vercel@latest',
8 silly cache add   scope: null,
8 silly cache add   name: 'vercel',
8 silly cache add   rawSpec: 'latest',
8 silly cache add   spec: 'latest',
8 silly cache add   type: 'tag' }
9 silly addNamed vercel@latest
10 verbose addNamed "latest" is being treated as a dist-tag for vercel
11 info addNameTag [ 'vercel', 'latest' ]
12 silly mapToRegistry name vercel
13 silly mapToRegistry using default registry
14 silly mapToRegistry registry https://registry.npmjs.org/
15 silly mapToRegistry uri https://registry.npmjs.org/vercel
16 verbose addNameTag registry:https://registry.npmjs.org/vercel not in flight; fetching
17 verbose request uri https://registry.npmjs.org/vercel
18 verbose request no auth needed
19 info attempt registry request try #1 at 12:57:00 PM
20 verbose request id 7a26192a395dd45b
21 http request GET https://registry.npmjs.org/vercel
22 http 200 https://registry.npmjs.org/vercel
23 verbose headers { date: 'Mon, 30 Jan 2023 06:57:02 GMT',
23 verbose headers   'content-type': 'application/json',
23 verbose headers   'transfer-encoding': 'chunked',
23 verbose headers   connection: 'keep-alive',
23 verbose headers   'cf-ray': '79184f9e1c84e9af-CGP',
23 verbose headers   'access-control-allow-origin': '*',
23 verbose headers   'cache-control': 'public, max-age=300',
23 verbose headers   etag: 'W/"d09dd49b545658832c2c2bb8b01ae747"',
23 verbose headers   'last-modified': 'Sat, 28 Jan 2023 12:32:44 GMT',
23 verbose headers   vary: 'accept-encoding, accept',
23 verbose headers   'cf-cache-status': 'REVALIDATED',
23 verbose headers   'x-amz-replication-status': 'COMPLETED',
23 verbose headers   server: 'cloudflare',
23 verbose headers   'content-encoding': 'gzip' }
24 silly get cb [ 200,
24 silly get   { date: 'Mon, 30 Jan 2023 06:57:02 GMT',
24 silly get     'content-type': 'application/json',
24 silly get     'transfer-encoding': 'chunked',
24 silly get     connection: 'keep-alive',
24 silly get     'cf-ray': '79184f9e1c84e9af-CGP',
24 silly get     'access-control-allow-origin': '*',
24 silly get     'cache-control': 'public, max-age=300',
24 silly get     etag: 'W/"d09dd49b545658832c2c2bb8b01ae747"',
24 silly get     'last-modified': 'Sat, 28 Jan 2023 12:32:44 GMT',
24 silly get     vary: 'accept-encoding, accept',
24 silly get     'cf-cache-status': 'REVALIDATED',
24 silly get     'x-amz-replication-status': 'COMPLETED',
24 silly get     server: 'cloudflare',
24 silly get     'content-encoding': 'gzip' } ]
25 verbose get saving vercel to C:\Users\User\AppData\Roaming\npm-cache\registry.npmjs.org\vercel\.cache.json
26 verbose correctMkdir C:\Users\User\AppData\Roaming\npm-cache correctMkdir not in flight; initializing
27 silly addNameTag next cb for vercel with tag latest
28 silly addNamed vercel@28.14.0
29 verbose addNamed "28.14.0" is a plain semver version for vercel
30 silly mapToRegistry name vercel
31 silly mapToRegistry using default registry
32 silly mapToRegistry registry https://registry.npmjs.org/
33 silly mapToRegistry uri https://registry.npmjs.org/vercel
34 verbose addRemoteTarball https://registry.npmjs.org/vercel/-/vercel-28.14.0.tgz not in flight; adding
35 verbose addRemoteTarball [ 'https://registry.npmjs.org/vercel/-/vercel-28.14.0.tgz',
35 verbose addRemoteTarball   'f38b8f1787dbf1660f2d3e0d53d1e35654362bd5' ]
36 info retry fetch attempt 1 at 12:57:03 PM
37 info attempt registry request try #1 at 12:57:03 PM
38 http fetch GET https://registry.npmjs.org/vercel/-/vercel-28.14.0.tgz
39 http fetch 200 https://registry.npmjs.org/vercel/-/vercel-28.14.0.tgz
40 silly fetchAndShaCheck shasum f38b8f1787dbf1660f2d3e0d53d1e35654362bd5
41 verbose addTmpTarball C:\Users\User\AppData\Local\Temp\npm-2492-756e51f7\registry.npmjs.org\vercel\-\vercel-28.14.0.tgz not in flight; adding
42 verbose addTmpTarball already have metadata; skipping unpack for vercel@28.14.0
43 verbose correctMkdir C:\Users\User\AppData\Roaming\npm-cache correctMkdir not in flight; initializing
44 silly cache afterAdd vercel@28.14.0
45 verbose afterAdd C:\Users\User\AppData\Roaming\npm-cache\vercel\28.14.0\package\package.json not in flight; writing
46 verbose correctMkdir C:\Users\User\AppData\Roaming\npm-cache correctMkdir not in flight; initializing
47 verbose afterAdd C:\Users\User\AppData\Roaming\npm-cache\vercel\28.14.0\package\package.json written
48 silly install resolved [ { name: 'vercel',
48 silly install resolved     version: '28.14.0',
48 silly install resolved     preferGlobal: true,
48 silly install resolved     license: 'Apache-2.0',
48 silly install resolved     description: 'The command-line interface for Vercel',
48 silly install resolved     homepage: 'https://vercel.com',
48 silly install resolved     repository:
48 silly install resolved      { type: 'git',
48 silly install resolved        url: 'git+https://github.com/vercel/vercel.git',
48 silly install resolved        directory: 'packages/cli' },
48 silly install resolved     scripts:
48 silly install resolved      { preinstall: 'node ./scripts/preinstall.js',
48 silly install resolved        test: 'jest --env node --verbose --bail',
48 silly install resolved        'test-unit': 'pnpm test test/unit/',
48 silly install resolved        'test-integration-cli': 'rimraf test/fixtures/integration && ava test/integration.js --serial --fail-fast --verbose',
48 silly install resolved        'test-integration-dev': 'pnpm test test/dev/',
48 silly install resolved        coverage: 'codecov',
48 silly install resolved        build: 'ts-node ./scripts/build.ts',
48 silly install resolved        dev: 'ts-node ./src/index.ts' },
48 silly install resolved     bin: { vc: 'dist/index.js', vercel: 'dist/index.js' },
48 silly install resolved     ava: { extensions: [Object], require: [Object] },
48 silly install resolved     engines: { node: '>= 14' },
48 silly install resolved     dependencies:
48 silly install resolved      { '@vercel/build-utils': '6.0.0',
48 silly install resolved        '@vercel/go': '2.2.31',
48 silly install resolved        '@vercel/hydrogen': '0.0.45',
48 silly install resolved        '@vercel/next': '3.3.19',
48 silly install resolved        '@vercel/node': '2.8.16',
48 silly install resolved        '@vercel/python': '3.1.41',
48 silly install resolved        '@vercel/redwood': '1.0.52',
48 silly install resolved        '@vercel/remix': '1.2.8',
48 silly install resolved        '@vercel/ruby': '1.3.57',
48 silly install resolved        '@vercel/static-build': '1.3.0' },
48 silly install resolved     devDependencies:
48 silly install resolved      { '@alex_neo/jest-expect-message': '1.0.5',
48 silly install resolved        '@next/env': '11.1.2',
48 silly install resolved        '@sentry/node': '5.5.0',
48 silly install resolved        '@sindresorhus/slugify': '0.11.0',
48 silly install resolved        '@swc/core': '1.2.218',
48 silly install resolved        '@tootallnate/once': '1.1.2',
48 silly install resolved        '@types/async-retry': '1.2.1',
48 silly install resolved        '@types/bytes': '3.0.0',
48 silly install resolved        '@types/chance': '1.1.3',
48 silly install resolved        '@types/debug': '0.0.31',
48 silly install resolved        '@types/dotenv': '6.1.1',
48 silly install resolved        '@types/escape-html': '0.0.20',
48 silly install resolved        '@types/express': '4.17.13',
48 silly install resolved        '@types/fs-extra': '9.0.13',
48 silly install resolved        '@types/glob': '7.1.1',
48 silly install resolved        '@types/http-proxy': '1.16.2',
48 silly install resolved        '@types/ini': '1.3.31',
48 silly install resolved        '@types/inquirer': '7.3.1',
48 silly install resolved        '@types/jest': '27.4.1',
48 silly install resolved        '@types/jest-expect-message': '1.0.3',
48 silly install resolved        '@types/load-json-file': '2.0.7',
48 silly install resolved        '@types/mime-types': '2.1.0',
48 silly install resolved        '@types/minimatch': '3.0.3',
48 silly install resolved        '@types/mri': '1.1.0',
48 silly install resolved        '@types/ms': '0.7.30',
48 silly install resolved        '@types/node': '14.18.33',
48 silly install resolved        '@types/node-fetch': '2.5.10',
48 silly install resolved        '@types/npm-package-arg': '6.1.0',
48 silly install resolved        '@types/pluralize': '0.0.29',
48 silly install resolved        '@types/psl': '1.1.0',
48 silly install resolved        '@types/qs': '6.9.7',
48 silly install resolved        '@types/semver': '6.0.1',
48 silly install resolved        '@types/tar-fs': '1.16.1',
48 silly install resolved        '@types/text-table': '0.2.0',
48 silly install resolved        '@types/title': '3.4.1',
48 silly install resolved        '@types/universal-analytics': '0.4.2',
48 silly install resolved        '@types/update-notifier': '5.1.0',
48 silly install resolved        '@types/which': '1.3.2',
48 silly install resolved        '@types/write-json-file': '2.2.1',
48 silly install resolved        '@types/yauzl-promise': '2.1.0',
48 silly install resolved        '@vercel/client': '12.3.3',
48 silly install resolved        '@vercel/error-utils': '1.0.8',
48 silly install resolved        '@vercel/frameworks': '1.3.0',
48 silly install resolved        '@vercel/fs-detectors': '3.7.6',
48 silly install resolved        '@vercel/fun': '1.0.4',
48 silly install resolved        '@vercel/ncc': '0.24.0',
48 silly install resolved        '@vercel/routing-utils': '2.1.8',
48 silly install resolved        '@zeit/source-map-support': '0.6.2',
48 silly install resolved        ajv: '6.12.2',
48 silly install resolved        'alpha-sort': '2.0.1',
48 silly install resolved        'ansi-escapes': '4.3.2',
48 silly install resolved        'ansi-regex': '5.0.1',
48 silly install resolved        arg: '5.0.0',
48 silly install resolved        'async-listen': '1.2.0',
48 silly install resolved        'async-retry': '1.1.3',
48 silly install resolved        'async-sema': '2.1.4',
48 silly install resolved        ava: '2.2.0',
48 silly install resolved        boxen: '4.2.0',
48 silly install resolved        bytes: '3.0.0',
48 silly install resolved        chalk: '4.1.0',
48 silly install resolved        chance: '1.1.7',
48 silly install resolved        chokidar: '3.3.1',
48 silly install resolved        codecov: '3.8.2',
48 silly install resolved        cpy: '7.2.0',
48 silly install resolved        'date-fns': '1.29.0',
48 silly install resolved        debug: '3.1.0',
48 silly install resolved        dot: '1.1.3',
48 silly install resolved        dotenv: '4.0.0',
48 silly install resolved        'email-validator': '1.1.1',
48 silly install resolved        epipebomb: '1.0.0',
48 silly install resolved        'escape-html': '1.0.3',
48 silly install resolved        esm: '3.1.4',
48 silly install resolved        execa: '3.2.0',
48 silly install resolved        express: '4.17.1',
48 silly install resolved        'fast-deep-equal': '3.1.3',
48 silly install resolved        'fs-extra': '10.0.0',
48 silly install resolved        'get-port': '5.1.1',
48 silly install resolved        'git-last-commit': '1.0.1',
48 silly install resolved        glob: '7.1.2',
48 silly install resolved        'http-proxy': '1.18.1',
48 silly install resolved        ini: '3.0.0',
48 silly install resolved        inquirer: '7.0.4',
48 silly install resolved        'is-docker': '2.2.1',
48 silly install resolved        'is-port-reachable': '3.1.0',
48 silly install resolved        'is-url': '1.2.2',
48 silly install resolved        'jaro-winkler': '0.2.8',
48 silly install resolved        'jest-matcher-utils': '29.3.1',
48 silly install resolved        json5: '2.2.1',
48 silly install resolved        jsonlines: '0.1.1',
48 silly install resolved        'line-async-iterator': '3.0.0',
48 silly install resolved        'load-json-file': '3.0.0',
48 silly install resolved        'mime-types': '2.1.24',
48 silly install resolved        minimatch: '3.0.4',
48 silly install resolved        mri: '1.1.5',
48 silly install resolved        ms: '2.1.2',
48 silly install resolved        'node-fetch': '2.6.7',
48 silly install resolved        'npm-package-arg': '6.1.0',
48 silly install resolved        open: '8.4.0',
48 silly install resolved        ora: '3.4.0',
48 silly install resolved        'pcre-to-regexp': '1.0.0',
48 silly install resolved        pluralize: '7.0.0',
48 silly install resolved        promisepipe: '3.0.0',
48 silly install resolved        psl: '1.1.31',
48 silly install resolved        'qr-image': '3.2.0',
48 silly install resolved        'raw-body': '2.4.1',
48 silly install resolved        rimraf: '3.0.2',
48 silly install resolved        semver: '5.5.0',
48 silly install resolved        'serve-handler': '6.1.1',
48 silly install resolved        'strip-ansi': '6.0.1',
48 silly install resolved        stripe: '5.1.0',
48 silly install resolved        'supports-hyperlinks': '2.2.0',
48 silly install resolved        'tar-fs': '1.16.3',
48 silly install resolved        'test-listen': '1.1.0',
48 silly install resolved        'text-table': '0.2.0',
48 silly install resolved        title: '3.4.1',
48 silly install resolved        'tmp-promise': '1.0.3',
48 silly install resolved        'tree-kill': '1.2.2',
48 silly install resolved        'ts-node': '10.9.1',
48 silly install resolved        typescript: '4.9.4',
48 silly install resolved        'universal-analytics': '0.4.20',
48 silly install resolved        'utility-types': '2.1.0',
48 silly install resolved        'write-json-file': '2.2.0',
48 silly install resolved        'xdg-app-paths': '5.1.0',
48 silly install resolved        'yauzl-promise': '2.1.3' },
48 silly install resolved     jest:
48 silly install resolved      { preset: 'ts-jest',
48 silly install resolved        globals: [Object],
48 silly install resolved        setupFilesAfterEnv: [Object],
48 silly install resolved        verbose: false,
48 silly install resolved        testEnvironment: 'node',
48 silly install resolved        testMatch: [Object] },
48 silly install resolved     gitHead: '9317543c48a039bda0ae91f0819f38f789d98338',
48 silly install resolved     bugs: { url: 'https://github.com/vercel/vercel/issues' },
48 silly install resolved     _id: 'vercel@28.14.0',
48 silly install resolved     _nodeVersion: '14.21.2',
48 silly install resolved     _npmVersion: 'lerna/5.6.2/node@v14.21.2+x64 (linux)',
48 silly install resolved     dist:
48 silly install resolved      { integrity: 'sha512-WMAWwJpj7zxPyMpnpEB4ofsu6ERvjXxzjtsd7AfzNBrgRZ88yBZ3yW5vKHPTVnEtJX8BvGq5o5lBQJOKlm2nfg==',
48 silly install resolved        shasum: 'f38b8f1787dbf1660f2d3e0d53d1e35654362bd5',
48 silly install resolved        tarball: 'https://registry.npmjs.org/vercel/-/vercel-28.14.0.tgz',
48 silly install resolved        fileCount: 97,
48 silly install resolved        unpackedSize: 8031873,
48 silly install resolved        signatures: [Object],
48 silly install resolved        'npm-signature': '-----BEGIN PGP SIGNATURE-----\r\nVersion: OpenPGP.js v4.10.10\r\nComment: https://openpgpjs.org\r\n\r\nwsFzBAEBCAAGBQJj1AaoACEJED1NWxICdlZqFiEECWMYAoorWMhJKdjhPU1b\r\nEgJ2VmoNxQ/+InS8eFBtw/PR2XGLkojFIz3X6LD3GfrjDICIjT/1DNqLtFtV\r\nT++XhRKiJWG+R3XgaeCqablYZBifJ4uv/KagVf+V1QCmPq7jZ+WnyNS+kGM+\r\nlHJfCoIB1lTvvKf7y2ZHLT/EuGEABYL1p9uJtGmxOXPzIWd2L4wytkp9VGB7\r\nR8whV41o3+TKv5mVMupeNeWhLh76uR6LA0pEVwgkgbXKBP5ipF+Oth1KQbj7\r\nnr0h+DF1F80RUj5VK5asfIcs+rt5uospZMS6cTQhjtME4G0vioZlqnvhYUty\r\n/cDEfvmrFUpC9XGWmp49mIwKhkO1Av+Gp0iSuu2l2+XmSlw+sTR6T0NeJk7k\r\nad84ldbNuuFf7P5+tYwZnYNwDw92voRf6WBbdTO9Zwpx5qeaypw7pTHaXEYE\r\n48xzVfAx+scENQaNJbx7XbZkF4r5Pr+7+DRdsCOD84ygJSpySOT1AqU3y2Xj\r\nbRGGPdO62uZivL1zN+gVW5aAv8z5U+9KgUiU15agsJ3FMXLdwMmqiiP4S7u9\r\nCC3Qp+1FCw7ps/gNfD0Q4I2QKOnJ4gZdvyWzaopuGaKP2RfdpS6iWqMYoaql\r\n6VJQOrEVI62lu9sZDTVseaRb3OE/4uTOXgxJN6Fip4AfauRCee+MF9Ebax7d\r\nOHZ45aBKQm8D2fMO1UnAmqmqmzRmhGVoR/s=\r\n=ixN3\r\n-----END PGP SIGNATURE-----\r\n' },
48 silly install resolved     _npmUser:
48 silly install resolved      { name: 'vercel-release-bot',
48 silly install resolved        email: 'infra+release@vercel.com' },
48 silly install resolved     directories: {},
48 silly install resolved     maintainers:
48 silly install resolved      [ [Object],
48 silly install resolved        [Object],
48 silly install resolved        [Object],
48 silly install resolved        [Object],
48 silly install resolved        [Object],
48 silly install resolved        [Object],
48 silly install resolved        [Object],
48 silly install resolved        [Object],
48 silly install resolved        [Object] ],
48 silly install resolved     _npmOperationalInternal:
48 silly install resolved      { host: 's3://npm-registry-packages',
48 silly install resolved        tmp: 'tmp/vercel_28.14.0_1674839720600_0.5806201681526226' },
48 silly install resolved     _hasShrinkwrap: false,
48 silly install resolved     _shasum: 'f38b8f1787dbf1660f2d3e0d53d1e35654362bd5',
48 silly install resolved     _resolved: 'https://registry.npmjs.org/vercel/-/vercel-28.14.0.tgz',
48 silly install resolved     _from: 'vercel@latest' } ]
49 info install vercel@28.14.0 into C:\Program Files\nodejs
50 info installOne vercel@28.14.0
51 verbose installOne of vercel to C:\Program Files\nodejs not in flight; installing
52 verbose correctMkdir C:\Users\User\AppData\Roaming\npm-cache\_locks correctMkdir not in flight; initializing
53 verbose lock using C:\Users\User\AppData\Roaming\npm-cache\_locks\vercel-78e1c6ebe15fbe7a.lock for C:\Program Files\nodejs\node_modules\vercel
54 warn engine vercel@28.14.0: wanted: {"node":">= 14"} (current: {"node":"4.4.0","npm":"2.14.20"})
55 silly install write writing vercel 28.14.0 to C:\Program Files\nodejs\node_modules\vercel
56 verbose unbuild node_modules\vercel
57 silly gentlyRm C:\Program Files\nodejs\node_modules\vercel is being purged from base C:\Program Files\nodejs
58 verbose gentlyRm don't care about contents; nuking C:\Program Files\nodejs\node_modules\vercel
59 verbose tar unpack C:\Users\User\AppData\Roaming\npm-cache\vercel\28.14.0\package.tgz
60 verbose tar unpacking to C:\Program Files\nodejs\node_modules\vercel
61 silly gentlyRm C:\Program Files\nodejs\node_modules\vercel is being purged
62 verbose gentlyRm don't care about contents; nuking C:\Program Files\nodejs\node_modules\vercel
63 silly gunzTarPerm modes [ '777', '666' ]
64 silly gunzTarPerm extractEntry dist/runtimes/nodejs/bootstrap
65 silly gunzTarPerm modified mode [ 'dist/runtimes/nodejs/bootstrap', 493, 511 ]
66 silly gunzTarPerm extractEntry dist/runtimes/nodejs10.x/bootstrap
67 silly gunzTarPerm modified mode [ 'dist/runtimes/nodejs10.x/bootstrap', 493, 511 ]
68 silly gunzTarPerm extractEntry dist/runtimes/nodejs12.x/bootstrap
69 silly gunzTarPerm modified mode [ 'dist/runtimes/nodejs12.x/bootstrap', 493, 511 ]
70 silly gunzTarPerm extractEntry dist/runtimes/nodejs14.x/bootstrap
71 silly gunzTarPerm modified mode [ 'dist/runtimes/nodejs14.x/bootstrap', 493, 511 ]
72 silly gunzTarPerm extractEntry dist/runtimes/nodejs6.10/bootstrap
73 silly gunzTarPerm modified mode [ 'dist/runtimes/nodejs6.10/bootstrap', 493, 511 ]
74 silly gunzTarPerm extractEntry dist/runtimes/nodejs8.10/bootstrap
75 silly gunzTarPerm modified mode [ 'dist/runtimes/nodejs8.10/bootstrap', 493, 511 ]
76 silly gunzTarPerm extractEntry dist/runtimes/provided/bootstrap
77 silly gunzTarPerm modified mode [ 'dist/runtimes/provided/bootstrap', 493, 511 ]
78 silly gunzTarPerm extractEntry dist/runtimes/python/bootstrap
79 silly gunzTarPerm modified mode [ 'dist/runtimes/python/bootstrap', 493, 511 ]
80 silly gunzTarPerm extractEntry dist/runtimes/python2.7/bootstrap
81 silly gunzTarPerm modified mode [ 'dist/runtimes/python2.7/bootstrap', 493, 511 ]
82 silly gunzTarPerm extractEntry dist/runtimes/python3.6/bootstrap
83 silly gunzTarPerm modified mode [ 'dist/runtimes/python3.6/bootstrap', 493, 511 ]
84 silly gunzTarPerm extractEntry dist/runtimes/python3.7/bootstrap
85 silly gunzTarPerm modified mode [ 'dist/runtimes/python3.7/bootstrap', 493, 511 ]
86 silly gunzTarPerm extractEntry dist/runtimes/python3/bootstrap
87 silly gunzTarPerm modified mode [ 'dist/runtimes/python3/bootstrap', 493, 511 ]
88 silly gunzTarPerm extractEntry LICENSE
89 silly gunzTarPerm modified mode [ 'LICENSE', 420, 438 ]
90 silly gunzTarPerm extractEntry dist/term-size
91 silly gunzTarPerm modified mode [ 'dist/term-size', 493, 511 ]
92 silly gunzTarPerm extractEntry dist/xdg-open
93 silly gunzTarPerm modified mode [ 'dist/xdg-open', 493, 511 ]
94 silly gunzTarPerm extractEntry dist/term-size.exe
95 silly gunzTarPerm modified mode [ 'dist/term-size.exe', 420, 438 ]
96 silly gunzTarPerm extractEntry dist/runtimes/go1.x/bootstrap.go
97 silly gunzTarPerm modified mode [ 'dist/runtimes/go1.x/bootstrap.go', 420, 438 ]
98 silly gunzTarPerm extractEntry dist/runtimes/go1.x/bootstrap.js
99 silly gunzTarPerm modified mode [ 'dist/runtimes/go1.x/bootstrap.js', 420, 438 ]
100 silly gunzTarPerm extractEntry dist/runtimes/nodejs/bootstrap.js
101 silly gunzTarPerm modified mode [ 'dist/runtimes/nodejs/bootstrap.js', 420, 438 ]
102 silly gunzTarPerm extractEntry dist/runtimes/nodejs10.x/bootstrap.js
103 silly gunzTarPerm modified mode [ 'dist/runtimes/nodejs10.x/bootstrap.js', 420, 438 ]
104 silly gunzTarPerm extractEntry dist/runtimes/nodejs12.x/bootstrap.js
105 silly gunzTarPerm modified mode [ 'dist/runtimes/nodejs12.x/bootstrap.js', 420, 438 ]
106 silly gunzTarPerm extractEntry dist/runtimes/nodejs14.x/bootstrap.js
107 silly gunzTarPerm modified mode [ 'dist/runtimes/nodejs14.x/bootstrap.js', 420, 438 ]
108 silly gunzTarPerm extractEntry dist/runtimes/nodejs6.10/bootstrap.js
109 silly gunzTarPerm modified mode [ 'dist/runtimes/nodejs6.10/bootstrap.js', 420, 438 ]
110 silly gunzTarPerm extractEntry dist/runtimes/nodejs8.10/bootstrap.js
111 silly gunzTarPerm modified mode [ 'dist/runtimes/nodejs8.10/bootstrap.js', 420, 438 ]
112 silly gunzTarPerm extractEntry dist/runtimes/provided/bootstrap.js
113 silly gunzTarPerm modified mode [ 'dist/runtimes/provided/bootstrap.js', 420, 438 ]
114 silly gunzTarPerm extractEntry dist/runtimes/python/bootstrap.js
115 silly gunzTarPerm modified mode [ 'dist/runtimes/python/bootstrap.js', 420, 438 ]
116 silly gunzTarPerm extractEntry dist/runtimes/python2.7/bootstrap.js
117 silly gunzTarPerm modified mode [ 'dist/runtimes/python2.7/bootstrap.js', 420, 438 ]
118 silly gunzTarPerm extractEntry dist/runtimes/python3.6/bootstrap.js
119 silly gunzTarPerm modified mode [ 'dist/runtimes/python3.6/bootstrap.js', 420, 438 ]
120 silly gunzTarPerm extractEntry dist/runtimes/python3.7/bootstrap.js
121 silly gunzTarPerm modified mode [ 'dist/runtimes/python3.7/bootstrap.js', 420, 438 ]
122 silly gunzTarPerm extractEntry dist/runtimes/python3/bootstrap.js
123 silly gunzTarPerm modified mode [ 'dist/runtimes/python3/bootstrap.js', 420, 438 ]
124 silly gunzTarPerm extractEntry dist/builder-worker.js
125 silly gunzTarPerm modified mode [ 'dist/builder-worker.js', 420, 438 ]
126 silly gunzTarPerm extractEntry dist/runtimes/go1.x/filename.js
127 silly gunzTarPerm modified mode [ 'dist/runtimes/go1.x/filename.js', 420, 438 ]
128 silly gunzTarPerm extractEntry dist/get-latest-worker.js
129 silly gunzTarPerm modified mode [ 'dist/get-latest-worker.js', 420, 438 ]
130 silly gunzTarPerm extractEntry dist/index.js
131 silly gunzTarPerm modified mode [ 'dist/index.js', 493, 511 ]
132 silly gunzTarPerm extractEntry dist/runtimes/go1.x/index.js
133 silly gunzTarPerm modified mode [ 'dist/runtimes/go1.x/index.js', 420, 438 ]
134 silly gunzTarPerm extractEntry dist/runtimes/nodejs10.x/index.js
135 silly gunzTarPerm modified mode [ 'dist/runtimes/nodejs10.x/index.js', 420, 438 ]
136 silly gunzTarPerm extractEntry dist/runtimes/nodejs12.x/index.js
137 silly gunzTarPerm modified mode [ 'dist/runtimes/nodejs12.x/index.js', 420, 438 ]
138 silly gunzTarPerm extractEntry dist/runtimes/nodejs14.x/index.js
139 silly gunzTarPerm modified mode [ 'dist/runtimes/nodejs14.x/index.js', 420, 438 ]
140 silly gunzTarPerm extractEntry dist/runtimes/nodejs6.10/index.js
141 silly gunzTarPerm modified mode [ 'dist/runtimes/nodejs6.10/index.js', 420, 438 ]
142 silly gunzTarPerm extractEntry dist/runtimes/nodejs8.10/index.js
143 silly gunzTarPerm modified mode [ 'dist/runtimes/nodejs8.10/index.js', 420, 438 ]
144 silly gunzTarPerm extractEntry dist/runtimes/python2.7/index.js
145 silly gunzTarPerm modified mode [ 'dist/runtimes/python2.7/index.js', 420, 438 ]
146 silly gunzTarPerm extractEntry dist/runtimes/python3.6/index.js
147 silly gunzTarPerm modified mode [ 'dist/runtimes/python3.6/index.js', 420, 438 ]
148 silly gunzTarPerm extractEntry dist/runtimes/python3.7/index.js
149 silly gunzTarPerm modified mode [ 'dist/runtimes/python3.7/index.js', 420, 438 ]
150 silly gunzTarPerm extractEntry dist/runtimes/python3/index.js
151 silly gunzTarPerm modified mode [ 'dist/runtimes/python3/index.js', 420, 438 ]
152 silly gunzTarPerm extractEntry scripts/preinstall.js
153 silly gunzTarPerm modified mode [ 'scripts/preinstall.js', 493, 511 ]
154 silly gunzTarPerm extractEntry package.json
155 silly gunzTarPerm modified mode [ 'package.json', 420, 438 ]
156 silly gunzTarPerm extractEntry dist/runtimes/go1.x/bootstrap.js.map
157 silly gunzTarPerm modified mode [ 'dist/runtimes/go1.x/bootstrap.js.map', 420, 438 ]
158 silly gunzTarPerm extractEntry dist/runtimes/nodejs/bootstrap.js.map
159 silly gunzTarPerm modified mode [ 'dist/runtimes/nodejs/bootstrap.js.map', 420, 438 ]
160 silly gunzTarPerm extractEntry dist/runtimes/nodejs10.x/bootstrap.js.map
161 silly gunzTarPerm modified mode [ 'dist/runtimes/nodejs10.x/bootstrap.js.map', 420, 438 ]
162 silly gunzTarPerm extractEntry dist/runtimes/nodejs12.x/bootstrap.js.map
163 silly gunzTarPerm modified mode [ 'dist/runtimes/nodejs12.x/bootstrap.js.map', 420, 438 ]
164 silly gunzTarPerm extractEntry dist/runtimes/nodejs14.x/bootstrap.js.map
165 silly gunzTarPerm modified mode [ 'dist/runtimes/nodejs14.x/bootstrap.js.map', 420, 438 ]
166 silly gunzTarPerm extractEntry dist/runtimes/nodejs6.10/bootstrap.js.map
167 silly gunzTarPerm modified mode [ 'dist/runtimes/nodejs6.10/bootstrap.js.map', 420, 438 ]
168 silly gunzTarPerm extractEntry dist/runtimes/nodejs8.10/bootstrap.js.map
169 silly gunzTarPerm modified mode [ 'dist/runtimes/nodejs8.10/bootstrap.js.map', 420, 438 ]
170 silly gunzTarPerm extractEntry dist/runtimes/provided/bootstrap.js.map
171 silly gunzTarPerm modified mode [ 'dist/runtimes/provided/bootstrap.js.map', 420, 438 ]
172 silly gunzTarPerm extractEntry dist/runtimes/python/bootstrap.js.map
173 silly gunzTarPerm modified mode [ 'dist/runtimes/python/bootstrap.js.map', 420, 438 ]
174 silly gunzTarPerm extractEntry dist/runtimes/python2.7/bootstrap.js.map
175 silly gunzTarPerm modified mode [ 'dist/runtimes/python2.7/bootstrap.js.map', 420, 438 ]
176 silly gunzTarPerm extractEntry dist/runtimes/python3.6/bootstrap.js.map
177 silly gunzTarPerm modified mode [ 'dist/runtimes/python3.6/bootstrap.js.map', 420, 438 ]
178 silly gunzTarPerm extractEntry dist/runtimes/python3.7/bootstrap.js.map
179 silly gunzTarPerm modified mode [ 'dist/runtimes/python3.7/bootstrap.js.map', 420, 438 ]
180 silly gunzTarPerm extractEntry dist/runtimes/python3/bootstrap.js.map
181 silly gunzTarPerm modified mode [ 'dist/runtimes/python3/bootstrap.js.map', 420, 438 ]
182 silly gunzTarPerm extractEntry dist/runtimes/go1.x/filename.js.map
183 silly gunzTarPerm modified mode [ 'dist/runtimes/go1.x/filename.js.map', 420, 438 ]
184 silly gunzTarPerm extractEntry dist/runtimes/go1.x/index.js.map
185 silly gunzTarPerm modified mode [ 'dist/runtimes/go1.x/index.js.map', 420, 438 ]
186 silly gunzTarPerm extractEntry dist/runtimes/nodejs10.x/index.js.map
187 silly gunzTarPerm modified mode [ 'dist/runtimes/nodejs10.x/index.js.map', 420, 438 ]
188 silly gunzTarPerm extractEntry dist/runtimes/nodejs12.x/index.js.map
189 silly gunzTarPerm modified mode [ 'dist/runtimes/nodejs12.x/index.js.map', 420, 438 ]
190 silly gunzTarPerm extractEntry dist/runtimes/nodejs14.x/index.js.map
191 silly gunzTarPerm modified mode [ 'dist/runtimes/nodejs14.x/index.js.map', 420, 438 ]
192 silly gunzTarPerm extractEntry dist/runtimes/nodejs6.10/index.js.map
193 silly gunzTarPerm modified mode [ 'dist/runtimes/nodejs6.10/index.js.map', 420, 438 ]
194 silly gunzTarPerm extractEntry dist/runtimes/nodejs8.10/index.js.map
195 silly gunzTarPerm modified mode [ 'dist/runtimes/nodejs8.10/index.js.map', 420, 438 ]
196 silly gunzTarPerm extractEntry dist/runtimes/python2.7/index.js.map
197 silly gunzTarPerm modified mode [ 'dist/runtimes/python2.7/index.js.map', 420, 438 ]
198 silly gunzTarPerm extractEntry dist/runtimes/python3.6/index.js.map
199 silly gunzTarPerm modified mode [ 'dist/runtimes/python3.6/index.js.map', 420, 438 ]
200 silly gunzTarPerm extractEntry dist/runtimes/python3.7/index.js.map
201 silly gunzTarPerm modified mode [ 'dist/runtimes/python3.7/index.js.map', 420, 438 ]
202 silly gunzTarPerm extractEntry dist/runtimes/python3/index.js.map
203 silly gunzTarPerm modified mode [ 'dist/runtimes/python3/index.js.map', 420, 438 ]
204 silly gunzTarPerm extractEntry README.md
205 silly gunzTarPerm modified mode [ 'README.md', 420, 438 ]
206 silly gunzTarPerm extractEntry dist/runtimes/python/bootstrap.py
207 silly gunzTarPerm modified mode [ 'dist/runtimes/python/bootstrap.py', 420, 438 ]
208 silly gunzTarPerm extractEntry dist/runtimes/go1.x/bootstrap.d.ts
209 silly gunzTarPerm modified mode [ 'dist/runtimes/go1.x/bootstrap.d.ts', 420, 438 ]
210 silly gunzTarPerm extractEntry dist/runtimes/nodejs/bootstrap.d.ts
211 silly gunzTarPerm modified mode [ 'dist/runtimes/nodejs/bootstrap.d.ts', 420, 438 ]
212 silly gunzTarPerm extractEntry dist/runtimes/nodejs10.x/bootstrap.d.ts
213 silly gunzTarPerm modified mode [ 'dist/runtimes/nodejs10.x/bootstrap.d.ts', 420, 438 ]
214 silly gunzTarPerm extractEntry dist/runtimes/nodejs12.x/bootstrap.d.ts
215 silly gunzTarPerm modified mode [ 'dist/runtimes/nodejs12.x/bootstrap.d.ts', 420, 438 ]
216 silly gunzTarPerm extractEntry dist/runtimes/nodejs14.x/bootstrap.d.ts
217 silly gunzTarPerm modified mode [ 'dist/runtimes/nodejs14.x/bootstrap.d.ts', 420, 438 ]
218 silly gunzTarPerm extractEntry dist/runtimes/nodejs6.10/bootstrap.d.ts
219 silly gunzTarPerm modified mode [ 'dist/runtimes/nodejs6.10/bootstrap.d.ts', 420, 438 ]
220 silly gunzTarPerm extractEntry dist/runtimes/nodejs8.10/bootstrap.d.ts
221 silly gunzTarPerm modified mode [ 'dist/runtimes/nodejs8.10/bootstrap.d.ts', 420, 438 ]
222 silly gunzTarPerm extractEntry dist/runtimes/provided/bootstrap.d.ts
223 silly gunzTarPerm modified mode [ 'dist/runtimes/provided/bootstrap.d.ts', 420, 438 ]
224 silly gunzTarPerm extractEntry dist/runtimes/python/bootstrap.d.ts
225 silly gunzTarPerm modified mode [ 'dist/runtimes/python/bootstrap.d.ts', 420, 438 ]
226 silly gunzTarPerm extractEntry dist/runtimes/python2.7/bootstrap.d.ts
227 silly gunzTarPerm modified mode [ 'dist/runtimes/python2.7/bootstrap.d.ts', 420, 438 ]
228 silly gunzTarPerm extractEntry dist/runtimes/python3.6/bootstrap.d.ts
229 silly gunzTarPerm modified mode [ 'dist/runtimes/python3.6/bootstrap.d.ts', 420, 438 ]
230 silly gunzTarPerm extractEntry dist/runtimes/python3.7/bootstrap.d.ts
231 silly gunzTarPerm modified mode [ 'dist/runtimes/python3.7/bootstrap.d.ts', 420, 438 ]
232 silly gunzTarPerm extractEntry dist/runtimes/python3/bootstrap.d.ts
233 silly gunzTarPerm modified mode [ 'dist/runtimes/python3/bootstrap.d.ts', 420, 438 ]
234 silly gunzTarPerm extractEntry dist/runtimes/go1.x/filename.d.ts
235 silly gunzTarPerm modified mode [ 'dist/runtimes/go1.x/filename.d.ts', 420, 438 ]
236 silly gunzTarPerm extractEntry dist/runtimes/go1.x/index.d.ts
237 silly gunzTarPerm modified mode [ 'dist/runtimes/go1.x/index.d.ts', 420, 438 ]
238 silly gunzTarPerm extractEntry dist/runtimes/nodejs10.x/index.d.ts
239 silly gunzTarPerm modified mode [ 'dist/runtimes/nodejs10.x/index.d.ts', 420, 438 ]
240 silly gunzTarPerm extractEntry dist/runtimes/nodejs12.x/index.d.ts
241 silly gunzTarPerm modified mode [ 'dist/runtimes/nodejs12.x/index.d.ts', 420, 438 ]
242 silly gunzTarPerm extractEntry dist/runtimes/nodejs14.x/index.d.ts
243 silly gunzTarPerm modified mode [ 'dist/runtimes/nodejs14.x/index.d.ts', 420, 438 ]
244 silly gunzTarPerm extractEntry dist/runtimes/nodejs6.10/index.d.ts
245 silly gunzTarPerm modified mode [ 'dist/runtimes/nodejs6.10/index.d.ts', 420, 438 ]
246 silly gunzTarPerm extractEntry dist/runtimes/nodejs8.10/index.d.ts
247 silly gunzTarPerm modified mode [ 'dist/runtimes/nodejs8.10/index.d.ts', 420, 438 ]
248 silly gunzTarPerm extractEntry dist/runtimes/python2.7/index.d.ts
249 silly gunzTarPerm modified mode [ 'dist/runtimes/python2.7/index.d.ts', 420, 438 ]
250 silly gunzTarPerm extractEntry dist/runtimes/python3.6/index.d.ts
251 silly gunzTarPerm modified mode [ 'dist/runtimes/python3.6/index.d.ts', 420, 438 ]
252 silly gunzTarPerm extractEntry dist/runtimes/python3.7/index.d.ts
253 silly gunzTarPerm modified mode [ 'dist/runtimes/python3.7/index.d.ts', 420, 438 ]
254 silly gunzTarPerm extractEntry dist/runtimes/python3/index.d.ts
255 silly gunzTarPerm modified mode [ 'dist/runtimes/python3/index.d.ts', 420, 438 ]
256 silly gunzTarPerm extractEntry dist/VERCEL_DIR_README.txt
257 silly gunzTarPerm modified mode [ 'dist/VERCEL_DIR_README.txt', 420, 438 ]
258 verbose write writing to C:\Program Files\nodejs\node_modules\vercel\package.json
259 info preinstall vercel@28.14.0
260 verbose unsafe-perm in lifecycle true
261 info vercel@28.14.0 Failed to exec preinstall script
262 verbose unlock done using C:\Users\User\AppData\Roaming\npm-cache\_locks\vercel-78e1c6ebe15fbe7a.lock for C:\Program Files\nodejs\node_modules\vercel
263 verbose stack Error: vercel@28.14.0 preinstall: `node ./scripts/preinstall.js`
263 verbose stack Exit status 1
263 verbose stack     at EventEmitter.<anonymous> (C:\Users\User\AppData\Roaming\nvm\v4.4.0\node_modules\npm\lib\utils\lifecycle.js:214:16)
263 verbose stack     at emitTwo (events.js:87:13)
263 verbose stack     at EventEmitter.emit (events.js:172:7)
263 verbose stack     at ChildProcess.<anonymous> (C:\Users\User\AppData\Roaming\nvm\v4.4.0\node_modules\npm\lib\utils\spawn.js:24:14)
263 verbose stack     at emitTwo (events.js:87:13)
263 verbose stack     at ChildProcess.emit (events.js:172:7)
263 verbose stack     at maybeClose (internal/child_process.js:827:16)
263 verbose stack     at Process.ChildProcess._handle.onexit (internal/child_process.js:211:5)
264 verbose pkgid vercel@28.14.0
265 verbose cwd F:\project\agco-server
266 error Windows_NT 10.0.19044
267 error argv "C:\\Program Files\\nodejs\\node.exe" "C:\\Program Files\\nodejs\\node_modules\\npm\\bin\\npm-cli.js" "i" "-g" "vercel@latest"
268 error node v4.4.0
269 error npm  v2.14.20
270 error code ELIFECYCLE
271 error vercel@28.14.0 preinstall: `node ./scripts/preinstall.js`
271 error Exit status 1
272 error Failed at the vercel@28.14.0 preinstall script 'node ./scripts/preinstall.js'.
272 error This is most likely a problem with the vercel package,
272 error not with npm itself.
272 error Tell the author that this fails on your system:
272 error     node ./scripts/preinstall.js
272 error You can get information on how to open an issue for this project with:
272 error     npm bugs vercel
272 error Or if that isn't available, you can get their info via:
272 error
272 error     npm owner ls vercel
272 error There is likely additional logging output above.
273 verbose exit [ 1, true ]
274 verbose unbuild node_modules\vercel
275 info preuninstall vercel@28.14.0
276 info uninstall vercel@28.14.0
277 verbose unbuild rmStuff vercel@28.14.0 from C:\Program Files\nodejs\node_modules
278 silly gentlyRm C:\Program Files\nodejs\vc.cmd is being gently removed
279 silly gentlyRm verifying C:\Program Files\nodejs is an npm working directory
280 silly gentlyRm C:\Program Files\nodejs\vercel.cmd is being gently removed
281 silly gentlyRm verifying C:\Program Files\nodejs is an npm working directory
282 silly gentlyRm containing path C:\Program Files\nodejs is under npm's control, in C:\Users\User\AppData\Roaming\nvm\v4.4.0
283 silly gentlyRm deletion target C:\Program Files\nodejs\vc.cmd is under C:\Program Files\nodejs
284 verbose gentlyRm vacuuming from C:\Program Files\nodejs\vc.cmd up to C:\Program Files\nodejs
285 silly gentlyRm containing path C:\Program Files\nodejs is under npm's control, in C:\Users\User\AppData\Roaming\nvm\v4.4.0
286 silly gentlyRm deletion target C:\Program Files\nodejs\vercel.cmd is under C:\Program Files\nodejs
287 verbose gentlyRm vacuuming from C:\Program Files\nodejs\vercel.cmd up to C:\Program Files\nodejs
288 silly gentlyRm C:\Program Files\nodejs\vc is being gently removed
289 silly gentlyRm verifying C:\Program Files\nodejs is an npm working directory
290 silly gentlyRm C:\Program Files\nodejs\vercel is being gently removed
291 silly gentlyRm verifying C:\Program Files\nodejs is an npm working directory
292 silly gentlyRm containing path C:\Program Files\nodejs is under npm's control, in C:\Users\User\AppData\Roaming\nvm\v4.4.0
293 silly gentlyRm deletion target C:\Program Files\nodejs\vc is under C:\Program Files\nodejs
294 verbose gentlyRm vacuuming from C:\Program Files\nodejs\vc up to C:\Program Files\nodejs
295 silly gentlyRm containing path C:\Program Files\nodejs is under npm's control, in C:\Users\User\AppData\Roaming\nvm\v4.4.0
296 silly gentlyRm deletion target C:\Program Files\nodejs\vercel is under C:\Program Files\nodejs
297 verbose gentlyRm vacuuming from C:\Program Files\nodejs\vercel up to C:\Program Files\nodejs
298 info postuninstall vercel@28.14.0
299 silly gentlyRm C:\Program Files\nodejs\node_modules\vercel is being purged from base C:\Program Files\nodejs
300 verbose gentlyRm don't care about contents; nuking C:\Program Files\nodejs\node_modules\vercel
301 silly vacuum-fs purging C:\Program Files\nodejs\node_modules\vercel
302 silly vacuum-fs quitting because other entries in C:\Program Files\nodejs\node_modules
